<?xml version="1.0" encoding="UTF-8"?>
<!-- Generated by org.testng.reporters.JUnitXMLReporter -->
<testsuite hostname="192.168.1.3" ignored="0" name="Default test" tests="2" failures="2" timestamp="2022-06-15T18:04:26 IST" time="51.282" errors="0">
  <testcase name="runScenario" time="50.012" classname="io.cucumber.testng.AbstractTestNGCucumberTests">
    <failure type="org.openqa.selenium.NoSuchElementException" message="An element could not be located on the page using the given search parameters.
For documentation on this error, please visit: https://selenium.dev/exceptions/#no_such_element
Build info: version: &amp;apos;4.2.2&amp;apos;, revision: &amp;apos;683ccb65d6&amp;apos;
System info: host: &amp;apos;192.168.1.3&amp;apos;, ip: &amp;apos;fe80:0:0:0:c81:d196:7ed5:2dee%en0&amp;apos;, os.name: &amp;apos;Mac OS X&amp;apos;, os.arch: &amp;apos;x86_64&amp;apos;, os.version: &amp;apos;10.16&amp;apos;, java.version: &amp;apos;1.8.0_281&amp;apos;
Driver info: io.appium.java_client.android.AndroidDriver
Command: [fa1f5287-45c7-4fc7-8ad3-63d85761ae13, findElement {using=-android uiautomator, value=new UiScrollable(new UiSelector().scrollable(true).instance(0)).scrollIntoView(new UiSelector().textContains(&amp;quot;Village Life Maldives&amp;quot;).instance(0))}]
Capabilities {appium:appActivity: .common.HomeActivity, appium:appPackage: com.goibibo, appium:databaseEnabled: false, appium:desired: {appActivity: .common.HomeActivity, appPackage: com.goibibo, deviceName: android, noReset: true, platformName: android, platformVersion: 11}, appium:deviceApiLevel: 30, appium:deviceManufacturer: vivo, appium:deviceModel: vivo 1818, appium:deviceName: 8e006adb, appium:deviceScreenDensity: 480, appium:deviceScreenSize: 1080x2340, appium:deviceUDID: 8e006adb, appium:javascriptEnabled: true, appium:locationContextEnabled: false, appium:networkConnectionEnabled: true, appium:noReset: true, appium:pixelRatio: 3, appium:platformVersion: 11, appium:statBarHeight: 84, appium:takesScreenshot: true, appium:viewportRect: {height: 2130, left: 0, top: 84, width: 1080}, appium:warnings: {}, appium:webStorageEnabled: false, platformName: ANDROID}
Session ID: fa1f5287-45c7-4fc7-8ad3-63d85761ae13">
      <![CDATA[org.openqa.selenium.NoSuchElementException: An element could not be located on the page using the given search parameters.
For documentation on this error, please visit: https://selenium.dev/exceptions/#no_such_element
Build info: version: '4.2.2', revision: '683ccb65d6'
System info: host: '192.168.1.3', ip: 'fe80:0:0:0:c81:d196:7ed5:2dee%en0', os.name: 'Mac OS X', os.arch: 'x86_64', os.version: '10.16', java.version: '1.8.0_281'
Driver info: io.appium.java_client.android.AndroidDriver
Command: [fa1f5287-45c7-4fc7-8ad3-63d85761ae13, findElement {using=-android uiautomator, value=new UiScrollable(new UiSelector().scrollable(true).instance(0)).scrollIntoView(new UiSelector().textContains("Village Life Maldives").instance(0))}]
Capabilities {appium:appActivity: .common.HomeActivity, appium:appPackage: com.goibibo, appium:databaseEnabled: false, appium:desired: {appActivity: .common.HomeActivity, appPackage: com.goibibo, deviceName: android, noReset: true, platformName: android, platformVersion: 11}, appium:deviceApiLevel: 30, appium:deviceManufacturer: vivo, appium:deviceModel: vivo 1818, appium:deviceName: 8e006adb, appium:deviceScreenDensity: 480, appium:deviceScreenSize: 1080x2340, appium:deviceUDID: 8e006adb, appium:javascriptEnabled: true, appium:locationContextEnabled: false, appium:networkConnectionEnabled: true, appium:noReset: true, appium:pixelRatio: 3, appium:platformVersion: 11, appium:statBarHeight: 84, appium:takesScreenshot: true, appium:viewportRect: {height: 2130, left: 0, top: 84, width: 1080}, appium:warnings: {}, appium:webStorageEnabled: false, platformName: ANDROID}
Session ID: fa1f5287-45c7-4fc7-8ad3-63d85761ae13
at sun.reflect.NativeConstructorAccessorImpl.newInstance0(Native Method)
at sun.reflect.NativeConstructorAccessorImpl.newInstance(NativeConstructorAccessorImpl.java:62)
at sun.reflect.DelegatingConstructorAccessorImpl.newInstance(DelegatingConstructorAccessorImpl.java:45)
at java.lang.reflect.Constructor.newInstance(Constructor.java:423)
at org.openqa.selenium.remote.codec.w3c.W3CHttpResponseCodec.createException(W3CHttpResponseCodec.java:200)
at org.openqa.selenium.remote.codec.w3c.W3CHttpResponseCodec.decode(W3CHttpResponseCodec.java:133)
at org.openqa.selenium.remote.codec.w3c.W3CHttpResponseCodec.decode(W3CHttpResponseCodec.java:53)
at org.openqa.selenium.remote.HttpCommandExecutor.execute(HttpCommandExecutor.java:184)
at io.appium.java_client.remote.AppiumCommandExecutor.execute(AppiumCommandExecutor.java:180)
at org.openqa.selenium.remote.RemoteWebDriver.execute(RemoteWebDriver.java:588)
at org.openqa.selenium.remote.ElementLocation$ElementFinder$2.findElement(ElementLocation.java:162)
at org.openqa.selenium.remote.ElementLocation.findElement(ElementLocation.java:66)
at org.openqa.selenium.remote.RemoteWebDriver.findElement(RemoteWebDriver.java:406)
at org.openqa.selenium.remote.RemoteWebDriver.findElement(RemoteWebDriver.java:398)
at utilities.ScrollUtil.scrollToTextByAndroidUIAutomator(ScrollUtil.java:54)
at screens.VillasScreen.scrollToHotelApartment(VillasScreen.java:53)
at steps.GoIbiboSteps.i_scroll_till_baity_hotel_apartments(GoIbiboSteps.java:66)
at ✽.I scroll till "Village Life Maldives"(file:///Users/rahularora/seleniumworkspace/BatchDiagnal/PageObjectModelWithCucumberBDD/src/test/resources/features/SearchVillas.feature:11)
]]>
    </failure>
  </testcase> <!-- runScenario -->
  <testcase name="runScenario" time="0.026" classname="io.cucumber.testng.AbstractTestNGCucumberTests">
    <failure type="java.lang.ClassCastException" message="org.openqa.selenium.Platform$22 cannot be cast to java.lang.String">
      <![CDATA[java.lang.ClassCastException: org.openqa.selenium.Platform$22 cannot be cast to java.lang.String
at io.appium.java_client.AppiumDriver.ensurePlatformName(AppiumDriver.java:136)
at io.appium.java_client.android.AndroidDriver.<init>(AndroidDriver.java:116)
at utilities.CommonUtils.getAndroidDriver(CommonUtils.java:98)
at base.BaseSteps.setUp(BaseSteps.java:30)
at steps.Hooks.beforeHook(Hooks.java:14)
]]>
    </failure>
  </testcase> <!-- runScenario -->
</testsuite> <!-- Default test -->
