<?xml version="1.0" encoding="UTF-8"?>
<!-- Generated by org.testng.reporters.JUnitXMLReporter -->
<testsuite hostname="Rahuls-MacBook-Pro-2.local" ignored="0" name="Dependency Test" tests="3" failures="1" timestamp="30 May 2022 11:32:14 GMT" time="0.007" errors="0">
  <testcase name="doUserReg" time="0.001" classname="testnglearning.TestCase3">
    <failure type="java.lang.AssertionError" message="User not registered successfully">
      <![CDATA[java.lang.AssertionError: User not registered successfully
at testnglearning.TestCase3.doUserReg(TestCase3.java:18)
... Removed 26 stack frames]]>
    </failure>
  </testcase> <!-- doUserReg -->
  <testcase name="doLogin" time="0.0" classname="testnglearning.TestCase3">
    <skipped/>
  </testcase> <!-- doLogin -->
  <testcase name="isSkip" time="0.001" classname="testnglearning.TestCase3">
    <skipped/>
  </testcase> <!-- isSkip -->
</testsuite> <!-- Dependency Test -->
