<?xml version="1.0" encoding="UTF-8"?>
<!-- Generated by org.testng.reporters.JUnitXMLReporter -->
<testsuite hostname="Rahuls-MacBook-Pro-2.local" ignored="0" name="Login Test" tests="3" failures="1" timestamp="30 May 2022 12:23:41 GMT" time="0.089" errors="0">
  <testcase name="doLogin" time="0.059" classname="testnglearning.TestExtentReports">
    <failure type="java.lang.AssertionError" message="null">
      <![CDATA[java.lang.AssertionError: null
at testnglearning.TestExtentReports.doLogin(TestExtentReports.java:52)
... Removed 27 stack frames]]>
    </failure>
  </testcase> <!-- doLogin -->
  <testcase name="doUserReg" time="0.001" classname="testnglearning.TestExtentReports"/>
  <testcase name="isSkip" time="0.001" classname="testnglearning.TestExtentReports">
    <skipped/>
  </testcase> <!-- isSkip -->
</testsuite> <!-- Login Test -->
