<?xml version="1.0" encoding="UTF-8"?>
<testng-results skipped="0" failed="0" ignored="0" total="2" passed="2">
  <reporter-output>
  </reporter-output>
  <suite name="Default suite" duration-ms="2053" started-at="2022-06-03T11:29:42Z" finished-at="2022-06-03T11:29:44Z">
    <groups>
    </groups>
    <test name="Default test" duration-ms="2053" started-at="2022-06-03T11:29:42Z" finished-at="2022-06-03T11:29:44Z">
      <class name="testnglearning.TestParallelDataProvider">
        <test-method status="PASS" signature="doLogin(java.lang.String, java.lang.String)[pri:0, instance:testnglearning.TestParallelDataProvider@3108bc]" name="doLogin" duration-ms="2020" started-at="2022-06-03T11:29:42Z" data-provider="dp1" finished-at="2022-06-03T11:29:44Z">
          <params>
            <param index="0">
              <value>
                <![CDATA[java@way2automation.com]]>
              </value>
            </param>
            <param index="1">
              <value>
                <![CDATA[sdfsfd]]>
              </value>
            </param>
          </params>
          <reporter-output>
          </reporter-output>
        </test-method> <!-- doLogin -->
        <test-method status="PASS" signature="doLogin(java.lang.String, java.lang.String)[pri:0, instance:testnglearning.TestParallelDataProvider@3108bc]" name="doLogin" duration-ms="2020" started-at="2022-06-03T11:29:42Z" data-provider="dp1" finished-at="2022-06-03T11:29:44Z">
          <params>
            <param index="0">
              <value>
                <![CDATA[trainer@way2automation.com]]>
              </value>
            </param>
            <param index="1">
              <value>
                <![CDATA[sdfsdf]]>
              </value>
            </param>
          </params>
          <reporter-output>
          </reporter-output>
        </test-method> <!-- doLogin -->
      </class> <!-- testnglearning.TestParallelDataProvider -->
    </test> <!-- Default test -->
  </suite> <!-- Default suite -->
</testng-results>
