<?xml version="1.0" encoding="UTF-8"?>
<testng-results skipped="0" failed="0" ignored="0" total="2" passed="2">
  <reporter-output>
  </reporter-output>
  <suite name="Suite" duration-ms="16916" started-at="2018-12-27T13:58:05Z" finished-at="2018-12-27T13:58:22Z">
    <groups>
    </groups>
    <test name="Run on Iphone7Plus" duration-ms="16077" started-at="2018-12-27T13:58:05Z" finished-at="2018-12-27T13:58:21Z">
      <class name="BrowserTest">
        <test-method status="PASS" signature="startTime(java.lang.String)[pri:0, instance:BrowserTest@490ab905]" name="startTime" is-config="true" duration-ms="6797" started-at="2018-12-27T13:58:05Z" finished-at="2018-12-27T13:58:12Z">
          <params>
            <param index="0">
              <value>
                <![CDATA[7ae544323f497983cf0729bc81d5e6128342a125]]>
              </value>
            </param>
          </params>
          <reporter-output>
          </reporter-output>
        </test-method> <!-- startTime -->
        <test-method status="PASS" signature="testcase()[pri:0, instance:BrowserTest@490ab905]" name="testcase" duration-ms="9235" started-at="2018-12-27T13:58:12Z" finished-at="2018-12-27T13:58:21Z">
          <reporter-output>
          </reporter-output>
        </test-method> <!-- testcase -->
        <test-method status="PASS" signature="TearDown()[pri:0, instance:BrowserTest@490ab905]" name="TearDown" is-config="true" duration-ms="1" started-at="2018-12-27T13:58:21Z" finished-at="2018-12-27T13:58:21Z">
          <reporter-output>
          </reporter-output>
        </test-method> <!-- TearDown -->
      </class> <!-- BrowserTest -->
    </test> <!-- Run on Iphone7Plus -->
    <test name="Run on IphoneX" duration-ms="16916" started-at="2018-12-27T13:58:05Z" finished-at="2018-12-27T13:58:22Z">
      <class name="BrowserTest">
        <test-method status="PASS" signature="startTime(java.lang.String)[pri:0, instance:BrowserTest@1a968a59]" name="startTime" is-config="true" duration-ms="6896" started-at="2018-12-27T13:58:05Z" finished-at="2018-12-27T13:58:12Z">
          <params>
            <param index="0">
              <value>
                <![CDATA[571e1c5acf8c4e0d47c6d146186d8749c8fab5b0]]>
              </value>
            </param>
          </params>
          <reporter-output>
          </reporter-output>
        </test-method> <!-- startTime -->
        <test-method status="PASS" signature="testcase()[pri:0, instance:BrowserTest@1a968a59]" name="testcase" duration-ms="10006" started-at="2018-12-27T13:58:12Z" finished-at="2018-12-27T13:58:22Z">
          <reporter-output>
          </reporter-output>
        </test-method> <!-- testcase -->
        <test-method status="PASS" signature="TearDown()[pri:0, instance:BrowserTest@1a968a59]" name="TearDown" is-config="true" duration-ms="0" started-at="2018-12-27T13:58:22Z" finished-at="2018-12-27T13:58:22Z">
          <reporter-output>
          </reporter-output>
        </test-method> <!-- TearDown -->
      </class> <!-- BrowserTest -->
    </test> <!-- Run on IphoneX -->
  </suite> <!-- Suite -->
</testng-results>
